{"C:\\Users\\Aelion\\devspace\\JS-INIT\\index.js": {"path":"C:\\Users\\Aelion\\devspace\\JS-INIT\\index.js","statementMap":{"0":{"start":{"line":4,"column":0},"end":{"line":4,"column":19}},"1":{"start":{"line":6,"column":16},"end":{"line":6,"column":38}},"2":{"start":{"line":7,"column":18},"end":{"line":7,"column":27}},"3":{"start":{"line":9,"column":0},"end":{"line":9,"column":29}},"4":{"start":{"line":11,"column":0},"end":{"line":11,"column":22}},"5":{"start":{"line":13,"column":28},"end":{"line":16,"column":1}},"6":{"start":{"line":14,"column":19},"end":{"line":14,"column":27}},"7":{"start":{"line":15,"column":4},"end":{"line":15,"column":19}},"8":{"start":{"line":18,"column":19},"end":{"line":20,"column":1}},"9":{"start":{"line":19,"column":4},"end":{"line":19,"column":21}},"10":{"start":{"line":22,"column":30},"end":{"line":36,"column":1}},"11":{"start":{"line":24,"column":4},"end":{"line":33,"column":5}},"12":{"start":{"line":26,"column":26},"end":{"line":26,"column":36}},"13":{"start":{"line":27,"column":4},"end":{"line":27,"column":42}},"14":{"start":{"line":28,"column":4},"end":{"line":28,"column":44}},"15":{"start":{"line":29,"column":4},"end":{"line":29,"column":50}},"16":{"start":{"line":31,"column":4},"end":{"line":31,"column":24}},"17":{"start":{"line":35,"column":4},"end":{"line":35,"column":61}},"18":{"start":{"line":38,"column":20},"end":{"line":44,"column":1}},"19":{"start":{"line":39,"column":20},"end":{"line":39,"column":48}},"20":{"start":{"line":40,"column":4},"end":{"line":40,"column":20}},"21":{"start":{"line":41,"column":4},"end":{"line":41,"column":17}},"22":{"start":{"line":43,"column":4},"end":{"line":43,"column":18}},"23":{"start":{"line":46,"column":20},"end":{"line":62,"column":1}},"24":{"start":{"line":64,"column":0},"end":{"line":73,"column":1}}},"fnMap":{"0":{"name":"(anonymous_0)","decl":{"start":{"line":13,"column":28},"end":{"line":13,"column":29}},"loc":{"start":{"line":13,"column":34},"end":{"line":16,"column":1}},"line":13},"1":{"name":"(anonymous_1)","decl":{"start":{"line":18,"column":19},"end":{"line":18,"column":20}},"loc":{"start":{"line":18,"column":30},"end":{"line":20,"column":1}},"line":18},"2":{"name":"(anonymous_2)","decl":{"start":{"line":22,"column":30},"end":{"line":22,"column":31}},"loc":{"start":{"line":22,"column":41},"end":{"line":36,"column":1}},"line":22},"3":{"name":"(anonymous_3)","decl":{"start":{"line":38,"column":20},"end":{"line":38,"column":21}},"loc":{"start":{"line":38,"column":26},"end":{"line":44,"column":1}},"line":38}},"branchMap":{"0":{"loc":{"start":{"line":24,"column":4},"end":{"line":33,"column":5}},"type":"if","locations":[{"start":{"line":24,"column":4},"end":{"line":33,"column":5}},{"start":{},"end":{}}],"line":24}},"s":{"0":2,"1":2,"2":2,"3":2,"4":2,"5":2,"6":1,"7":1,"8":2,"9":2,"10":2,"11":1,"12":1,"13":1,"14":1,"15":1,"16":1,"17":0,"18":2,"19":8,"20":8,"21":8,"22":8,"23":2,"24":2},"f":{"0":1,"1":2,"2":1,"3":8},"b":{"0":[1,0]},"_coverageSchema":"1a1c01bbd47fc00a2c39e90264f33305004495a9","hash":"bc9f79ea9e5d8c428af26095922ddcab2d1f66ad"}
,"C:\\Users\\Aelion\\devspace\\JS-INIT\\_helpers\\builder.class.js": {"path":"C:\\Users\\Aelion\\devspace\\JS-INIT\\_helpers\\builder.class.js","statementMap":{"0":{"start":{"line":3,"column":8},"end":{"line":3,"column":91}}},"fnMap":{"0":{"name":"(anonymous_0)","decl":{"start":{"line":2,"column":4},"end":{"line":2,"column":5}},"loc":{"start":{"line":2,"column":12},"end":{"line":4,"column":5}},"line":2}},"branchMap":{},"s":{"0":0},"f":{"0":0},"b":{},"_coverageSchema":"1a1c01bbd47fc00a2c39e90264f33305004495a9","hash":"8c2468cb9ca50253bf4bda79897056971b708323"}
,"C:\\Users\\Aelion\\devspace\\JS-INIT\\products\\product-builder.class.js": {"path":"C:\\Users\\Aelion\\devspace\\JS-INIT\\products\\product-builder.class.js","statementMap":{"0":{"start":{"line":9,"column":10},"end":{"line":9,"column":12}},"1":{"start":{"line":15,"column":11},"end":{"line":15,"column":13}},"2":{"start":{"line":21,"column":13},"end":{"line":21,"column":14}},"3":{"start":{"line":32,"column":8},"end":{"line":34,"column":9}},"4":{"start":{"line":33,"column":12},"end":{"line":33,"column":69}},"5":{"start":{"line":36,"column":8},"end":{"line":38,"column":9}},"6":{"start":{"line":37,"column":12},"end":{"line":37,"column":70}},"7":{"start":{"line":40,"column":8},"end":{"line":42,"column":9}},"8":{"start":{"line":41,"column":12},"end":{"line":41,"column":79}},"9":{"start":{"line":44,"column":24},"end":{"line":44,"column":45}},"10":{"start":{"line":45,"column":8},"end":{"line":45,"column":28}},"11":{"start":{"line":46,"column":8},"end":{"line":46,"column":32}},"12":{"start":{"line":47,"column":8},"end":{"line":47,"column":34}},"13":{"start":{"line":49,"column":8},"end":{"line":49,"column":22}}},"fnMap":{"0":{"name":"(anonymous_0)","decl":{"start":{"line":31,"column":4},"end":{"line":31,"column":5}},"loc":{"start":{"line":31,"column":12},"end":{"line":50,"column":5}},"line":31}},"branchMap":{"0":{"loc":{"start":{"line":32,"column":8},"end":{"line":34,"column":9}},"type":"if","locations":[{"start":{"line":32,"column":8},"end":{"line":34,"column":9}},{"start":{},"end":{}}],"line":32},"1":{"loc":{"start":{"line":36,"column":8},"end":{"line":38,"column":9}},"type":"if","locations":[{"start":{"line":36,"column":8},"end":{"line":38,"column":9}},{"start":{},"end":{}}],"line":36},"2":{"loc":{"start":{"line":40,"column":8},"end":{"line":42,"column":9}},"type":"if","locations":[{"start":{"line":40,"column":8},"end":{"line":42,"column":9}},{"start":{},"end":{}}],"line":40},"3":{"loc":{"start":{"line":40,"column":12},"end":{"line":40,"column":47}},"type":"binary-expr","locations":[{"start":{"line":40,"column":12},"end":{"line":40,"column":29}},{"start":{"line":40,"column":33},"end":{"line":40,"column":47}}],"line":40}},"s":{"0":7,"1":7,"2":7,"3":13,"4":2,"5":11,"6":2,"7":9,"8":2,"9":7,"10":7,"11":7,"12":7,"13":7},"f":{"0":13},"b":{"0":[2,11],"1":[2,9],"2":[2,7],"3":[9,7]},"_coverageSchema":"1a1c01bbd47fc00a2c39e90264f33305004495a9","hash":"2cf4795d7c78968068d760de2ee5d69470c995d5"}
,"C:\\Users\\Aelion\\devspace\\JS-INIT\\products\\product-service.js": {"path":"C:\\Users\\Aelion\\devspace\\JS-INIT\\products\\product-service.js","statementMap":{"0":{"start":{"line":7,"column":31},"end":{"line":7,"column":51}},"1":{"start":{"line":8,"column":8},"end":{"line":13,"column":10}},"2":{"start":{"line":9,"column":12},"end":{"line":9,"column":39}},"3":{"start":{"line":10,"column":12},"end":{"line":10,"column":43}},"4":{"start":{"line":11,"column":12},"end":{"line":11,"column":45}},"5":{"start":{"line":12,"column":12},"end":{"line":12,"column":41}}},"fnMap":{"0":{"name":"(anonymous_0)","decl":{"start":{"line":6,"column":4},"end":{"line":6,"column":5}},"loc":{"start":{"line":6,"column":14},"end":{"line":14,"column":5}},"line":6},"1":{"name":"(anonymous_1)","decl":{"start":{"line":8,"column":27},"end":{"line":8,"column":28}},"loc":{"start":{"line":8,"column":37},"end":{"line":13,"column":9}},"line":8}},"branchMap":{},"s":{"0":2,"1":2,"2":6,"3":6,"4":6,"5":6},"f":{"0":2,"1":6},"b":{},"_coverageSchema":"1a1c01bbd47fc00a2c39e90264f33305004495a9","hash":"08f7a936abce274eddb85e6328991259a7b92531"}
,"C:\\Users\\Aelion\\devspace\\JS-INIT\\products\\product.class.js": {"path":"C:\\Users\\Aelion\\devspace\\JS-INIT\\products\\product.class.js","statementMap":{"0":{"start":{"line":12,"column":10},"end":{"line":12,"column":12}},"1":{"start":{"line":18,"column":12},"end":{"line":18,"column":14}},"2":{"start":{"line":24,"column":13},"end":{"line":24,"column":14}},"3":{"start":{"line":27,"column":8},"end":{"line":28,"column":72}},"4":{"start":{"line":28,"column":12},"end":{"line":28,"column":72}},"5":{"start":{"line":31,"column":8},"end":{"line":31,"column":23}},"6":{"start":{"line":35,"column":8},"end":{"line":38,"column":10}},"7":{"start":{"line":35,"column":30},"end":{"line":38,"column":10}},"8":{"start":{"line":40,"column":8},"end":{"line":40,"column":22}},"9":{"start":{"line":44,"column":8},"end":{"line":44,"column":25}},"10":{"start":{"line":48,"column":8},"end":{"line":51,"column":10}},"11":{"start":{"line":48,"column":32},"end":{"line":51,"column":10}},"12":{"start":{"line":52,"column":8},"end":{"line":52,"column":25}},"13":{"start":{"line":56,"column":8},"end":{"line":56,"column":26}},"14":{"start":{"line":60,"column":8},"end":{"line":63,"column":10}},"15":{"start":{"line":60,"column":26},"end":{"line":63,"column":10}},"16":{"start":{"line":65,"column":8},"end":{"line":68,"column":10}},"17":{"start":{"line":65,"column":23},"end":{"line":68,"column":10}},"18":{"start":{"line":70,"column":8},"end":{"line":70,"column":27}},"19":{"start":{"line":75,"column":8},"end":{"line":75,"column":32}}},"fnMap":{"0":{"name":"(anonymous_0)","decl":{"start":{"line":26,"column":4},"end":{"line":26,"column":5}},"loc":{"start":{"line":26,"column":29},"end":{"line":29,"column":5}},"line":26},"1":{"name":"(anonymous_1)","decl":{"start":{"line":30,"column":4},"end":{"line":30,"column":5}},"loc":{"start":{"line":30,"column":13},"end":{"line":33,"column":5}},"line":30},"2":{"name":"(anonymous_2)","decl":{"start":{"line":34,"column":4},"end":{"line":34,"column":5}},"loc":{"start":{"line":34,"column":15},"end":{"line":41,"column":5}},"line":34},"3":{"name":"(anonymous_3)","decl":{"start":{"line":43,"column":4},"end":{"line":43,"column":5}},"loc":{"start":{"line":43,"column":15},"end":{"line":45,"column":5}},"line":43},"4":{"name":"(anonymous_4)","decl":{"start":{"line":47,"column":4},"end":{"line":47,"column":5}},"loc":{"start":{"line":47,"column":19},"end":{"line":53,"column":5}},"line":47},"5":{"name":"(anonymous_5)","decl":{"start":{"line":55,"column":4},"end":{"line":55,"column":5}},"loc":{"start":{"line":55,"column":16},"end":{"line":57,"column":5}},"line":55},"6":{"name":"(anonymous_6)","decl":{"start":{"line":59,"column":4},"end":{"line":59,"column":5}},"loc":{"start":{"line":59,"column":21},"end":{"line":71,"column":5}},"line":59},"7":{"name":"(anonymous_7)","decl":{"start":{"line":74,"column":4},"end":{"line":74,"column":5}},"loc":{"start":{"line":74,"column":25},"end":{"line":76,"column":5}},"line":74}},"branchMap":{"0":{"loc":{"start":{"line":26,"column":16},"end":{"line":26,"column":27}},"type":"default-arg","locations":[{"start":{"line":26,"column":23},"end":{"line":26,"column":27}}],"line":26},"1":{"loc":{"start":{"line":27,"column":8},"end":{"line":28,"column":72}},"type":"if","locations":[{"start":{"line":27,"column":8},"end":{"line":28,"column":72}},{"start":{},"end":{}}],"line":27},"2":{"loc":{"start":{"line":35,"column":8},"end":{"line":38,"column":10}},"type":"if","locations":[{"start":{"line":35,"column":8},"end":{"line":38,"column":10}},{"start":{},"end":{}}],"line":35},"3":{"loc":{"start":{"line":48,"column":8},"end":{"line":51,"column":10}},"type":"if","locations":[{"start":{"line":48,"column":8},"end":{"line":51,"column":10}},{"start":{},"end":{}}],"line":48},"4":{"loc":{"start":{"line":60,"column":8},"end":{"line":63,"column":10}},"type":"if","locations":[{"start":{"line":60,"column":8},"end":{"line":63,"column":10}},{"start":{},"end":{}}],"line":60},"5":{"loc":{"start":{"line":65,"column":8},"end":{"line":68,"column":10}},"type":"if","locations":[{"start":{"line":65,"column":8},"end":{"line":68,"column":10}},{"start":{},"end":{}}],"line":65}},"s":{"0":9,"1":9,"2":9,"3":9,"4":0,"5":2,"6":8,"7":0,"8":8,"9":2,"10":8,"11":0,"12":8,"13":2,"14":8,"15":0,"16":8,"17":0,"18":8,"19":9},"f":{"0":9,"1":2,"2":8,"3":2,"4":8,"5":2,"6":8,"7":9},"b":{"0":[0],"1":[0,9],"2":[0,8],"3":[0,8],"4":[0,8],"5":[0,8]},"_coverageSchema":"1a1c01bbd47fc00a2c39e90264f33305004495a9","hash":"a5e3c2155bcc029785fc9087fa14fe2be7146ce6"}
,"C:\\Users\\Aelion\\devspace\\JS-INIT\\products\\exceptions\\id-is-empty.error.js": {"path":"C:\\Users\\Aelion\\devspace\\JS-INIT\\products\\exceptions\\id-is-empty.error.js","statementMap":{"0":{"start":{"line":2,"column":13},"end":{"line":2,"column":14}},"1":{"start":{"line":5,"column":8},"end":{"line":5,"column":30}},"2":{"start":{"line":6,"column":8},"end":{"line":6,"column":36}},"3":{"start":{"line":11,"column":13},"end":{"line":11,"column":14}},"4":{"start":{"line":14,"column":8},"end":{"line":14,"column":30}},"5":{"start":{"line":15,"column":8},"end":{"line":15,"column":36}},"6":{"start":{"line":20,"column":13},"end":{"line":20,"column":14}},"7":{"start":{"line":23,"column":8},"end":{"line":23,"column":30}},"8":{"start":{"line":24,"column":8},"end":{"line":24,"column":36}},"9":{"start":{"line":29,"column":13},"end":{"line":29,"column":14}},"10":{"start":{"line":32,"column":8},"end":{"line":32,"column":30}},"11":{"start":{"line":33,"column":8},"end":{"line":33,"column":36}}},"fnMap":{"0":{"name":"(anonymous_0)","decl":{"start":{"line":4,"column":4},"end":{"line":4,"column":5}},"loc":{"start":{"line":4,"column":25},"end":{"line":7,"column":5}},"line":4},"1":{"name":"(anonymous_1)","decl":{"start":{"line":13,"column":4},"end":{"line":13,"column":5}},"loc":{"start":{"line":13,"column":25},"end":{"line":16,"column":5}},"line":13},"2":{"name":"(anonymous_2)","decl":{"start":{"line":22,"column":4},"end":{"line":22,"column":5}},"loc":{"start":{"line":22,"column":25},"end":{"line":25,"column":5}},"line":22},"3":{"name":"(anonymous_3)","decl":{"start":{"line":31,"column":4},"end":{"line":31,"column":5}},"loc":{"start":{"line":31,"column":25},"end":{"line":34,"column":5}},"line":31}},"branchMap":{},"s":{"0":0,"1":0,"2":0,"3":0,"4":0,"5":0,"6":0,"7":0,"8":0,"9":0,"10":0,"11":0},"f":{"0":0,"1":0,"2":0,"3":0},"b":{},"_coverageSchema":"1a1c01bbd47fc00a2c39e90264f33305004495a9","hash":"e84f45c1356a977820ec554b4b9f5f9b848ae237"}
}
