TN:
SF:index.js
FN:13,(anonymous_0)
FN:18,(anonymous_1)
FN:22,(anonymous_2)
FN:38,(anonymous_3)
FNF:4
FNH:4
FNDA:1,(anonymous_0)
FNDA:2,(anonymous_1)
FNDA:1,(anonymous_2)
FNDA:8,(anonymous_3)
DA:4,2
DA:6,2
DA:7,2
DA:9,2
DA:11,2
DA:13,2
DA:14,1
DA:15,1
DA:18,2
DA:19,2
DA:22,2
DA:24,1
DA:26,1
DA:27,1
DA:28,1
DA:29,1
DA:31,1
DA:35,0
DA:38,2
DA:39,8
DA:40,8
DA:41,8
DA:43,8
DA:46,2
DA:64,2
LF:25
LH:24
BRDA:24,0,0,1
BRDA:24,0,1,0
BRF:2
BRH:1
end_of_record
TN:
SF:_helpers\builder.class.js
FN:2,(anonymous_0)
FNF:1
FNH:0
FNDA:0,(anonymous_0)
DA:3,0
LF:1
LH:0
BRF:0
BRH:0
end_of_record
TN:
SF:products\product-builder.class.js
FN:31,(anonymous_0)
FNF:1
FNH:1
FNDA:13,(anonymous_0)
DA:9,7
DA:15,7
DA:21,7
DA:32,13
DA:33,2
DA:36,11
DA:37,2
DA:40,9
DA:41,2
DA:44,7
DA:45,7
DA:46,7
DA:47,7
DA:49,7
LF:14
LH:14
BRDA:32,0,0,2
BRDA:32,0,1,11
BRDA:36,1,0,2
BRDA:36,1,1,9
BRDA:40,2,0,2
BRDA:40,2,1,7
BRDA:40,3,0,9
BRDA:40,3,1,7
BRF:8
BRH:8
end_of_record
TN:
SF:products\product-service.js
FN:6,(anonymous_0)
FN:8,(anonymous_1)
FNF:2
FNH:2
FNDA:2,(anonymous_0)
FNDA:6,(anonymous_1)
DA:7,2
DA:8,2
DA:9,6
DA:10,6
DA:11,6
DA:12,6
LF:6
LH:6
BRF:0
BRH:0
end_of_record
TN:
SF:products\product.class.js
FN:26,(anonymous_0)
FN:30,(anonymous_1)
FN:34,(anonymous_2)
FN:43,(anonymous_3)
FN:47,(anonymous_4)
FN:55,(anonymous_5)
FN:59,(anonymous_6)
FN:74,(anonymous_7)
FNF:8
FNH:8
FNDA:9,(anonymous_0)
FNDA:2,(anonymous_1)
FNDA:8,(anonymous_2)
FNDA:2,(anonymous_3)
FNDA:8,(anonymous_4)
FNDA:2,(anonymous_5)
FNDA:8,(anonymous_6)
FNDA:9,(anonymous_7)
DA:12,9
DA:18,9
DA:24,9
DA:27,9
DA:28,0
DA:31,2
DA:35,8
DA:40,8
DA:44,2
DA:48,8
DA:52,8
DA:56,2
DA:60,8
DA:65,8
DA:70,8
DA:75,9
LF:16
LH:15
BRDA:26,0,0,0
BRDA:27,1,0,0
BRDA:27,1,1,9
BRDA:35,2,0,0
BRDA:35,2,1,8
BRDA:48,3,0,0
BRDA:48,3,1,8
BRDA:60,4,0,0
BRDA:60,4,1,8
BRDA:65,5,0,0
BRDA:65,5,1,8
BRF:11
BRH:5
end_of_record
TN:
SF:products\exceptions\id-is-empty.error.js
FN:4,(anonymous_0)
FN:13,(anonymous_1)
FN:22,(anonymous_2)
FN:31,(anonymous_3)
FNF:4
FNH:0
FNDA:0,(anonymous_0)
FNDA:0,(anonymous_1)
FNDA:0,(anonymous_2)
FNDA:0,(anonymous_3)
DA:2,0
DA:5,0
DA:6,0
DA:11,0
DA:14,0
DA:15,0
DA:20,0
DA:23,0
DA:24,0
DA:29,0
DA:32,0
DA:33,0
LF:12
LH:0
BRF:0
BRH:0
end_of_record
